2026-05-26 18:12:29,072 <- version
2026-05-26 18:12:29,583 -> ['0.3.a1']
2026-05-26 18:12:29,585 <- false<<42<<2<<aaa<<(1,aaa,3.14,(1, 2, 3)
2026-05-26 18:12:29,609 -> [True]
2026-05-26 18:12:29,609 <- true<<417<<2<<aaa
2026-05-26 18:12:29,679 -> ['(1', 'aaa', 3.14, '(1', 2.0, '3)']
2026-05-26 18:13:13,646 <- version
2026-05-26 18:13:14,650 -> ['0.3.a1']
2026-05-26 18:13:14,651 <- true<<406<<2
2026-05-26 18:13:14,676 -> [(4544692.011988242, 3046834.4215250253, -3263804.821182696)]
2026-05-26 18:13:58,935 <- version
2026-05-26 18:13:59,686 -> ['0.3.a1']
2026-05-26 18:13:59,686 <- true<<406<<2
2026-05-26 18:13:59,736 -> [(4555385.440006183, 3046834.421543473, -3248863.0146542247)]
2026-05-26 18:14:09,463 <- version
2026-05-26 18:14:10,201 -> ['0.3.a1']
2026-05-26 18:14:10,202 <- false<<42<<2<<aaa<<[(1,aaa,3.14,(1, 2, 3)]
2026-05-26 18:14:10,248 -> [True]
2026-05-26 18:14:10,248 <- true<<417<<2<<aaa
2026-05-26 18:14:10,301 -> ['[(1', 'aaa', 3.14, '(1', 2.0, '3)]']
2026-05-26 18:16:25,090 <- version
2026-05-26 18:16:25,923 -> ['0.3.a1']
2026-05-26 18:16:25,924 <- false<<42<<2<<aaa<<[(1,aaa,3.14,(1, 2, 3)]
2026-05-26 18:16:25,925 -> [True]
2026-05-26 18:16:25,925 <- true<<417<<2<<aaa
2026-05-26 18:16:26,001 -> ['[(1', 'aaa', 3.14, '(1', 2.0, '3)]']
2026-05-26 18:17:10,366 <- version
2026-05-26 18:17:10,989 -> ['0.3.a1']
2026-05-26 18:17:10,989 <- false<<42<<2<<aaa<<[1, 'aaa', 3.14, (1, 2, 3)]
2026-05-26 18:17:11,013 -> [True]
2026-05-26 18:17:11,013 <- true<<417<<2<<aaa
2026-05-26 18:17:11,083 -> ['[1', "'aaa'", 3.14, '(1', 2.0, '3)]']
2026-05-26 18:17:39,848 <- version
2026-05-26 18:17:40,540 -> ['0.3.a1']
2026-05-26 18:17:40,540 <- false<<42<<2<<aaa<<[1, 'aaa', 3.14, array([1, 2, 3])]
2026-05-26 18:17:40,585 -> [True]
2026-05-26 18:17:40,585 <- true<<417<<2<<aaa
2026-05-26 18:17:40,636 -> ['[1', "'aaa'", 3.14, 'array([1', 2.0, '3])]']
2026-05-26 18:21:04,731 <- version
2026-05-26 18:21:05,241 -> ['0.3.a1']
2026-05-26 18:21:05,243 <- false<<26<<(1, 3, 2)
2026-05-26 18:21:05,279 -> [True]
2026-05-26 18:22:10,218 <- version
2026-05-26 18:22:10,722 -> ['0.3.a1']
2026-05-26 18:22:10,722 <- false<<28<<1
2026-05-26 18:22:10,745 -> [True]
2026-05-26 18:26:44,848 <- version
2026-05-26 18:26:45,865 -> ['0.3.a1']
2026-05-26 18:26:45,865 <- false<<42<<2<<aaa<<[1, 'aaa', 3.14, array([1, 2, 3])]
2026-05-26 18:26:45,886 -> [True]
2026-05-26 18:26:45,887 <- true<<417<<2<<aaa
2026-05-26 18:26:45,956 -> ['[1', "'aaa'", 3.14, 'array([1', 2.0, '3])]']
2026-05-26 18:27:31,366 <- version
2026-05-26 18:27:31,928 -> ['0.3.a1']
2026-05-26 18:27:31,928 <- false<<42<<2<<aaa<<[1, 'aaa', 3.14, (1, 2, 3)]
2026-05-26 18:27:31,965 -> [True]
2026-05-26 18:27:31,965 <- true<<417<<2<<aaa
2026-05-26 18:27:32,019 -> ['[1', "'aaa'", 3.14, '(1', 2.0, '3)]']
2026-05-26 18:29:36,292 <- version
2026-05-26 18:29:36,799 -> ['0.3.a1']
2026-05-26 18:29:36,799 <- false<<42<<2<<aaa<<['1', 'aaa', '3.14', '(1, 2, 3)']
2026-05-26 18:29:36,818 -> [True]
2026-05-26 18:29:36,818 <- true<<417<<2<<aaa
2026-05-26 18:29:36,885 -> ["['1'", "'aaa'", "'3.14'", "'(1", 2.0, "3)']"]
2026-05-26 18:30:39,347 <- version
2026-05-26 18:30:39,350 -> ['0.3.a1']
2026-05-26 18:30:39,350 <- false<<42<<2<<aaa<<[1,aaa,3.14,(1, 2, 3)]
2026-05-26 18:30:39,388 -> [True]
2026-05-26 18:30:39,388 <- true<<417<<2<<aaa
2026-05-26 18:30:39,435 -> ['[1', 'aaa', 3.14, '(1', 2.0, '3)]']
2026-05-26 18:38:48,614 <- version
2026-05-26 18:38:49,392 -> ['0.3.a1']
2026-05-26 18:38:49,392 <- false<<42<<2<<aaa<<[1,aaa,3.14,(1, 2, 3)]
2026-05-26 18:38:49,419 -> [True]
2026-05-26 18:38:49,419 <- true<<417<<2<<aaa
2026-05-26 18:38:49,488 -> ['[1', 'aaa', 3.14, '(1', 2.0, '3)]']
2026-05-26 18:49:16,476 <- version
2026-05-26 18:49:16,986 -> ['0.3.a1']
2026-05-26 18:49:16,987 <- false<<42<<2<<aaa<<[1, 'aaa', 3.14, (1, 2, 3)]
2026-05-26 18:49:17,008 -> [True]
2026-05-26 18:49:17,008 <- true<<417<<2<<aaa
2026-05-26 18:49:17,082 -> ['[1', "'aaa'", 3.14, '(1', 2.0, '3)]']
2026-05-26 19:13:56,721 <- version
2026-05-26 19:13:57,730 -> ['0.3.a1']
2026-05-26 19:13:57,730 <- false<<42<<2<<aaa<<[1, 'aaa', 3.14, (1, 2, 3)]
2026-05-26 19:13:57,751 -> [True]
2026-05-26 19:13:57,751 <- true<<417<<2<<aaa
2026-05-26 19:13:57,814 -> ['[1', "'aaa'", 3.14, '(1', 2.0, '3)]']
2026-05-26 19:16:17,799 <- version
2026-05-26 19:16:18,302 -> ['0.3.a1']
2026-05-26 19:16:18,302 <- false<<42<<2<<aaa<<[1, 'aaa', 3.14, (1, 2, 3)]
2026-05-26 19:16:18,327 -> [True]
2026-05-26 19:16:18,327 <- true<<417<<2<<aaa
2026-05-26 19:16:18,400 -> ['[1', "'aaa'", 3.14, '(1', 2.0, '3)]']
2026-05-26 19:19:19,712 <- version
2026-05-26 19:19:20,620 -> ['0.3.a1']
2026-05-26 19:19:20,620 <- false<<42<<2<<aaa<<[1, 'aaa', 3.14, (1, 2, 3)]
2026-05-26 19:19:20,676 -> [True]
2026-05-26 19:19:20,676 <- true<<417<<2<<aaa
2026-05-26 19:19:20,727 -> ['[1', "'aaa'", 3.14, '(1', 2.0, '3)]']
2026-05-26 19:20:40,473 <- version
2026-05-26 19:20:40,982 -> ['0.3.a1']
2026-05-26 19:20:40,983 <- false<<42<<2<<aaa<<['1', 'aaa', '3.14', '(1, 2, 3)']
2026-05-26 19:20:41,022 -> [True]
2026-05-26 19:20:41,023 <- true<<417<<2<<aaa
2026-05-26 19:20:41,065 -> ["['1'", "'aaa'", "'3.14'", "'(1", 2.0, "3)']"]
